TN:
SF:app.js
FN:15,(anonymous_0)
FN:109,(anonymous_1)
FN:113,(anonymous_2)
FNF:3
FNH:0
FNDA:0,(anonymous_0)
FNDA:0,(anonymous_1)
FNDA:0,(anonymous_2)
DA:1,1
DA:2,1
DA:3,1
DA:4,1
DA:5,1
DA:6,1
DA:7,1
DA:8,1
DA:9,1
DA:10,1
DA:11,1
DA:12,1
DA:14,1
DA:15,1
DA:16,0
DA:19,1
DA:21,1
DA:23,1
DA:33,1
DA:34,1
DA:39,1
DA:72,1
DA:74,1
DA:83,1
DA:84,1
DA:85,1
DA:90,1
DA:91,1
DA:92,1
DA:93,1
DA:94,1
DA:95,1
DA:96,1
DA:97,1
DA:98,1
DA:101,1
DA:102,1
DA:103,1
DA:109,1
DA:110,0
DA:113,1
DA:115,0
DA:116,0
DA:118,0
DA:119,0
DA:122,1
LF:46
LH:40
BRDA:116,0,0,0
BRDA:116,0,1,0
BRDA:118,1,0,0
BRDA:118,1,1,0
BRF:4
BRH:0
end_of_record
TN:
SF:controllers\attendance.controller.js
FN:9,(anonymous_0)
FN:19,(anonymous_1)
FN:22,(anonymous_2)
FN:34,(anonymous_3)
FN:38,(anonymous_4)
FN:47,(anonymous_5)
FN:58,(anonymous_6)
FN:61,(anonymous_7)
FN:68,(anonymous_8)
FN:80,(anonymous_9)
FN:83,(anonymous_10)
FN:88,(anonymous_11)
FN:98,(anonymous_12)
FN:101,(anonymous_13)
FN:106,(anonymous_14)
FN:116,(anonymous_15)
FN:119,(anonymous_16)
FN:124,(anonymous_17)
FNF:18
FNH:16
FNDA:3,(anonymous_0)
FNDA:3,(anonymous_1)
FNDA:0,(anonymous_2)
FNDA:3,(anonymous_3)
FNDA:2,(anonymous_4)
FNDA:1,(anonymous_5)
FNDA:2,(anonymous_6)
FNDA:1,(anonymous_7)
FNDA:1,(anonymous_8)
FNDA:2,(anonymous_9)
FNDA:1,(anonymous_10)
FNDA:1,(anonymous_11)
FNDA:2,(anonymous_12)
FNDA:1,(anonymous_13)
FNDA:1,(anonymous_14)
FNDA:1,(anonymous_15)
FNDA:1,(anonymous_16)
FNDA:0,(anonymous_17)
DA:1,1
DA:2,1
DA:9,1
DA:10,3
DA:14,3
DA:15,3
DA:17,3
DA:20,3
DA:23,0
DA:34,1
DA:36,3
DA:39,2
DA:40,1
DA:44,1
DA:48,1
DA:58,1
DA:59,2
DA:62,1
DA:64,1
DA:69,1
DA:80,1
DA:81,2
DA:84,1
DA:89,1
DA:98,1
DA:99,2
DA:102,1
DA:107,1
DA:116,1
DA:117,1
DA:120,1
DA:125,0
LF:32
LH:30
BRDA:39,0,0,1
BRDA:39,0,1,1
BRDA:127,1,0,0
BRDA:127,1,1,0
BRF:4
BRH:2
end_of_record
TN:
SF:controllers\auth.controller.js
FN:4,(anonymous_0)
FN:13,(anonymous_1)
FN:17,(anonymous_2)
FN:23,(anonymous_3)
FN:35,(anonymous_4)
FN:50,(anonymous_5)
FNF:6
FNH:0
FNDA:0,(anonymous_0)
FNDA:0,(anonymous_1)
FNDA:0,(anonymous_2)
FNDA:0,(anonymous_3)
FNDA:0,(anonymous_4)
FNDA:0,(anonymous_5)
DA:1,1
DA:2,1
DA:4,1
DA:5,0
DA:13,1
DA:15,0
DA:18,0
DA:19,0
DA:21,0
DA:24,0
DA:35,1
DA:50,0
DA:51,0
DA:52,0
LF:14
LH:5
BRF:0
BRH:0
end_of_record
TN:
SF:controllers\user.controller.js
FN:9,(anonymous_0)
FN:19,(anonymous_1)
FN:22,(anonymous_2)
FN:34,(anonymous_3)
FN:38,(anonymous_4)
FN:45,(anonymous_5)
FN:55,(anonymous_6)
FN:58,(anonymous_7)
FN:65,(anonymous_8)
FN:75,(anonymous_9)
FN:78,(anonymous_10)
FN:83,(anonymous_11)
FN:93,(anonymous_12)
FN:96,(anonymous_13)
FN:101,(anonymous_14)
FN:111,(anonymous_15)
FN:114,(anonymous_16)
FN:119,(anonymous_17)
FNF:18
FNH:16
FNDA:3,(anonymous_0)
FNDA:3,(anonymous_1)
FNDA:0,(anonymous_2)
FNDA:4,(anonymous_3)
FNDA:3,(anonymous_4)
FNDA:1,(anonymous_5)
FNDA:3,(anonymous_6)
FNDA:1,(anonymous_7)
FNDA:2,(anonymous_8)
FNDA:2,(anonymous_9)
FNDA:1,(anonymous_10)
FNDA:1,(anonymous_11)
FNDA:2,(anonymous_12)
FNDA:1,(anonymous_13)
FNDA:1,(anonymous_14)
FNDA:1,(anonymous_15)
FNDA:1,(anonymous_16)
FNDA:0,(anonymous_17)
DA:1,1
DA:2,1
DA:9,1
DA:10,3
DA:14,3
DA:15,3
DA:17,3
DA:20,3
DA:23,0
DA:34,1
DA:36,4
DA:39,3
DA:40,1
DA:42,2
DA:46,1
DA:55,1
DA:56,3
DA:59,1
DA:61,1
DA:66,2
DA:75,1
DA:76,2
DA:79,1
DA:84,1
DA:93,1
DA:94,2
DA:97,1
DA:102,1
DA:111,1
DA:112,1
DA:115,1
DA:120,0
LF:32
LH:30
BRDA:39,0,0,1
BRDA:39,0,1,2
BRDA:122,1,0,0
BRDA:122,1,1,0
BRF:4
BRH:2
end_of_record
TN:
SF:database\config.js
FNF:0
FNH:0
DA:1,1
DA:3,1
LF:2
LH:2
BRF:0
BRH:0
end_of_record
TN:
SF:middleware\auth\index.js
FN:14,(anonymous_0)
FN:20,(anonymous_1)
FN:24,(anonymous_2)
FN:28,(anonymous_3)
FN:38,(anonymous_4)
FNF:5
FNH:2
FNDA:0,(anonymous_0)
FNDA:0,(anonymous_1)
FNDA:0,(anonymous_2)
FNDA:12,(anonymous_3)
FNDA:4,(anonymous_4)
DA:1,1
DA:2,1
DA:3,1
DA:5,1
DA:15,0
DA:20,1
DA:21,0
DA:24,1
DA:25,0
DA:28,1
DA:29,12
DA:30,0
DA:32,12
DA:38,1
DA:39,4
DA:40,1
DA:42,3
DA:49,1
LF:18
LH:14
BRDA:29,0,0,0
BRDA:29,0,1,12
BRDA:39,1,0,1
BRDA:39,1,1,3
BRDA:39,2,0,4
BRDA:39,2,1,2
BRF:6
BRH:5
end_of_record
TN:
SF:middleware\validation\utilities.js
FN:7,(anonymous_0)
FNF:1
FNH:1
FNDA:26,(anonymous_0)
DA:1,1
DA:6,1
DA:8,26
LF:3
LH:3
BRF:0
BRH:0
end_of_record
TN:
SF:models\attendance.model.js
FN:1,(anonymous_0)
FNF:1
FNH:1
FNDA:1,(anonymous_0)
DA:1,1
DA:2,1
LF:2
LH:2
BRF:0
BRH:0
end_of_record
TN:
SF:models\index.js
FNF:0
FNH:0
DA:1,1
DA:2,1
DA:3,1
DA:6,1
DA:9,1
DA:11,1
DA:12,1
DA:13,1
DA:14,1
DA:15,1
DA:16,1
DA:17,1
DA:19,1
DA:24,1
DA:30,1
DA:35,1
DA:37,1
DA:42,1
DA:44,1
LF:19
LH:19
BRDA:2,0,0,1
BRDA:2,0,1,0
BRF:2
BRH:1
end_of_record
TN:
SF:models\module.model.js
FN:1,(anonymous_0)
FNF:1
FNH:1
FNDA:1,(anonymous_0)
DA:1,1
DA:2,1
LF:2
LH:2
BRF:0
BRH:0
end_of_record
TN:
SF:models\moduleUser.model.js
FN:1,(anonymous_0)
FNF:1
FNH:1
FNDA:1,(anonymous_0)
DA:1,1
DA:2,1
LF:2
LH:2
BRF:0
BRH:0
end_of_record
TN:
SF:models\user.model.js
FN:1,(anonymous_0)
FNF:1
FNH:1
FNDA:1,(anonymous_0)
DA:1,1
DA:2,1
LF:2
LH:2
BRF:0
BRH:0
end_of_record
TN:
SF:routes\attendance.routes.js
FNF:0
FNH:0
DA:1,1
DA:2,1
DA:5,1
DA:6,1
DA:9,1
DA:12,1
DA:15,1
DA:16,1
DA:19,1
DA:22,1
DA:25,1
DA:28,1
LF:12
LH:12
BRF:0
BRH:0
end_of_record
TN:
SF:routes\auth.routes.js
FN:21,(anonymous_0)
FNF:1
FNH:0
FNDA:0,(anonymous_0)
DA:1,1
DA:2,1
DA:3,1
DA:4,1
DA:7,1
DA:8,1
DA:11,1
DA:16,1
DA:22,0
DA:27,1
DA:30,1
DA:33,1
LF:12
LH:11
BRF:0
BRH:0
end_of_record
TN:
SF:routes\user.routes.js
FNF:0
FNH:0
DA:1,1
DA:2,1
DA:5,1
DA:6,1
DA:9,1
DA:12,1
DA:15,1
DA:18,1
DA:21,1
DA:24,1
DA:27,1
LF:11
LH:11
BRF:0
BRH:0
end_of_record
TN:
SF:services\AttendanceService.js
FN:15,(anonymous_0)
FN:27,(anonymous_1)
FN:41,(anonymous_2)
FN:53,(anonymous_3)
FN:72,(anonymous_4)
FN:84,(anonymous_5)
FN:95,(anonymous_6)
FN:105,(anonymous_7)
FN:112,(anonymous_8)
FN:116,(anonymous_9)
FN:130,(anonymous_10)
FN:134,(anonymous_11)
FN:147,(anonymous_12)
FN:148,(anonymous_13)
FN:178,(anonymous_14)
FN:179,(anonymous_15)
FN:204,(anonymous_16)
FN:205,(anonymous_17)
FN:231,(anonymous_18)
FN:241,(anonymous_19)
FN:246,(anonymous_20)
FN:258,(anonymous_21)
FN:269,(anonymous_22)
FN:274,(anonymous_23)
FN:284,(anonymous_24)
FN:297,validateAttendance
FNF:26
FNH:22
FNDA:11,(anonymous_0)
FNDA:4,(anonymous_1)
FNDA:0,(anonymous_2)
FNDA:5,(anonymous_3)
FNDA:0,(anonymous_4)
FNDA:4,(anonymous_5)
FNDA:1,(anonymous_6)
FNDA:1,(anonymous_7)
FNDA:1,(anonymous_8)
FNDA:1,(anonymous_9)
FNDA:0,(anonymous_10)
FNDA:0,(anonymous_11)
FNDA:1,(anonymous_12)
FNDA:1,(anonymous_13)
FNDA:1,(anonymous_14)
FNDA:1,(anonymous_15)
FNDA:1,(anonymous_16)
FNDA:1,(anonymous_17)
FNDA:4,(anonymous_18)
FNDA:2,(anonymous_19)
FNDA:1,(anonymous_20)
FNDA:4,(anonymous_21)
FNDA:2,(anonymous_22)
FNDA:1,(anonymous_23)
FNDA:2,(anonymous_24)
FNDA:4,validateAttendance
DA:1,1
DA:2,1
DA:3,1
DA:4,1
DA:5,1
DA:6,1
DA:8,1
DA:17,11
DA:28,4
DA:41,4
DA:42,0
DA:54,5
DA:55,2
DA:58,3
DA:70,3
DA:73,0
DA:85,4
DA:86,2
DA:89,2
DA:93,2
DA:96,1
DA:97,1
DA:98,2
DA:101,1
DA:104,1
DA:106,1
DA:112,1
DA:113,1
DA:117,1
DA:123,1
DA:131,0
DA:135,0
DA:148,1
DA:150,1
DA:151,2
DA:152,2
DA:153,2
DA:155,2
DA:157,2
DA:160,1
DA:161,0
DA:162,0
DA:167,1
DA:179,1
DA:180,1
DA:185,1
DA:186,1
DA:190,1
DA:193,1
DA:205,1
DA:206,1
DA:207,1
DA:209,1
DA:213,1
DA:219,1
DA:232,4
DA:233,1
DA:236,3
DA:239,3
DA:242,2
DA:243,1
DA:247,1
DA:259,4
DA:260,1
DA:262,3
DA:267,3
DA:270,2
DA:271,1
DA:275,1
DA:285,2
DA:288,2
DA:298,4
DA:301,1
LF:73
LH:67
BRDA:54,0,0,2
BRDA:54,0,1,3
BRDA:85,1,0,2
BRDA:85,1,1,2
BRDA:135,2,0,0
BRDA:135,2,1,0
BRDA:155,3,0,2
BRDA:155,3,1,2
BRDA:157,4,0,2
BRDA:157,4,1,0
BRDA:160,5,0,0
BRDA:160,5,1,1
BRDA:206,6,0,1
BRDA:206,6,1,0
BRDA:232,7,0,1
BRDA:232,7,1,3
BRDA:242,8,0,1
BRDA:242,8,1,1
BRDA:259,9,0,1
BRDA:259,9,1,3
BRDA:270,10,0,1
BRDA:270,10,1,1
BRDA:298,11,0,4
BRDA:298,11,1,4
BRF:24
BRH:19
end_of_record
TN:
SF:services\PostgresService.js
FN:6,(anonymous_0)
FN:15,(anonymous_1)
FN:26,(anonymous_2)
FN:36,(anonymous_3)
FN:48,(anonymous_4)
FN:59,(anonymous_5)
FN:69,(anonymous_6)
FNF:7
FNH:7
FNDA:23,(anonymous_0)
FNDA:6,(anonymous_1)
FNDA:5,(anonymous_2)
FNDA:3,(anonymous_3)
FNDA:4,(anonymous_4)
FNDA:4,(anonymous_5)
FNDA:2,(anonymous_6)
DA:7,23
DA:16,6
DA:27,5
DA:37,3
DA:49,4
DA:60,4
DA:70,2
DA:74,1
LF:8
LH:8
BRF:0
BRH:0
end_of_record
TN:
SF:services\UserService.js
FN:15,(anonymous_0)
FN:27,(anonymous_1)
FN:37,(anonymous_2)
FN:49,(anonymous_3)
FN:62,(anonymous_4)
FN:74,(anonymous_5)
FN:84,(anonymous_6)
FN:101,(anonymous_7)
FN:111,(anonymous_8)
FN:116,(anonymous_9)
FN:128,(anonymous_10)
FN:143,(anonymous_11)
FN:150,(anonymous_12)
FN:153,(anonymous_13)
FN:161,(anonymous_14)
FN:173,(anonymous_15)
FN:178,(anonymous_16)
FN:179,(anonymous_17)
FN:191,(anonymous_18)
FN:193,(anonymous_19)
FN:206,(anonymous_20)
FN:217,validateUser
FNF:22
FNH:19
FNDA:12,(anonymous_0)
FNDA:6,(anonymous_1)
FNDA:0,(anonymous_2)
FNDA:6,(anonymous_3)
FNDA:0,(anonymous_4)
FNDA:5,(anonymous_5)
FNDA:1,(anonymous_6)
FNDA:4,(anonymous_7)
FNDA:2,(anonymous_8)
FNDA:1,(anonymous_9)
FNDA:3,(anonymous_10)
FNDA:2,(anonymous_11)
FNDA:2,(anonymous_12)
FNDA:2,(anonymous_13)
FNDA:1,(anonymous_14)
FNDA:1,(anonymous_15)
FNDA:1,(anonymous_16)
FNDA:1,(anonymous_17)
FNDA:2,(anonymous_18)
FNDA:2,(anonymous_19)
FNDA:0,(anonymous_20)
FNDA:5,validateUser
DA:1,1
DA:2,1
DA:3,1
DA:4,1
DA:5,1
DA:6,1
DA:8,1
DA:17,12
DA:28,6
DA:37,6
DA:38,0
DA:50,6
DA:51,2
DA:54,4
DA:62,4
DA:63,0
DA:75,5
DA:76,2
DA:78,3
DA:84,3
DA:85,1
DA:86,0
DA:87,1
DA:88,1
DA:89,0
DA:102,4
DA:103,1
DA:106,3
DA:109,3
DA:112,2
DA:113,1
DA:117,1
DA:129,3
DA:130,1
DA:132,2
DA:137,2
DA:144,2
DA:151,2
DA:154,2
DA:155,1
DA:162,1
DA:174,1
DA:178,1
DA:179,1
DA:180,1
DA:192,2
DA:194,2
DA:195,1
DA:200,1
DA:203,1
DA:207,0
DA:218,5
DA:221,1
LF:53
LH:48
BRDA:50,0,0,2
BRDA:50,0,1,4
BRDA:75,1,0,2
BRDA:75,1,1,3
BRDA:85,2,0,0
BRDA:85,2,1,1
BRDA:87,3,0,1
BRDA:87,3,1,0
BRDA:102,4,0,1
BRDA:102,4,1,3
BRDA:112,5,0,1
BRDA:112,5,1,1
BRDA:129,6,0,1
BRDA:129,6,1,2
BRDA:154,7,0,1
BRDA:154,7,1,1
BRDA:194,8,0,1
BRDA:194,8,1,1
BRDA:218,9,0,5
BRDA:218,9,1,5
BRDA:218,9,2,4
BRDA:218,9,3,4
BRF:22
BRH:20
end_of_record
